{"/home/ethan/court/expo_app/App.tsx": {"path":"/home/ethan/court/expo_app/App.tsx","statementMap":{"0":{"start":{"line":15,"column":14},"end":{"line":15,"column":42}},"1":{"start":{"line":18,"column":27},"end":{"line":18,"column":48}},"2":{"start":{"line":20,"column":17},"end":{"line":40,"column":4}},"3":{"start":{"line":42,"column":30},"end":{"line":45,"column":3}},"4":{"start":{"line":47,"column":26},"end":{"line":50,"column":3}},"5":{"start":{"line":52,"column":2},"end":{"line":76,"column":4}},"6":{"start":{"line":65,"column":14},"end":{"line":65,"column":69}},"7":{"start":{"line":71,"column":28},"end":{"line":71,"column":78}}},"fnMap":{"0":{"name":"App","decl":{"start":{"line":17,"column":24},"end":{"line":17,"column":27}},"loc":{"start":{"line":17,"column":30},"end":{"line":77,"column":1}},"line":17},"1":{"name":"(anonymous_1)","decl":{"start":{"line":64,"column":22},"end":{"line":64,"column":23}},"loc":{"start":{"line":65,"column":14},"end":{"line":65,"column":69}},"line":65},"2":{"name":"(anonymous_2)","decl":{"start":{"line":71,"column":22},"end":{"line":71,"column":23}},"loc":{"start":{"line":71,"column":28},"end":{"line":71,"column":78}},"line":71}},"branchMap":{},"s":{"0":0,"1":0,"2":0,"3":0,"4":0,"5":0,"6":0,"7":0},"f":{"0":0,"1":0,"2":0},"b":{}}
,"/home/ethan/court/expo_app/babel.config.js": {"path":"/home/ethan/court/expo_app/babel.config.js","statementMap":{"0":{"start":{"line":1,"column":0},"end":{"line":6,"column":2}},"1":{"start":{"line":2,"column":2},"end":{"line":2,"column":18}},"2":{"start":{"line":3,"column":2},"end":{"line":5,"column":4}}},"fnMap":{"0":{"name":"(anonymous_0)","decl":{"start":{"line":1,"column":17},"end":{"line":1,"column":18}},"loc":{"start":{"line":1,"column":32},"end":{"line":6,"column":1}},"line":1}},"branchMap":{},"s":{"0":0,"1":0,"2":0},"f":{"0":0},"b":{}}
,"/home/ethan/court/expo_app/jest.config.js": {"path":"/home/ethan/court/expo_app/jest.config.js","statementMap":{"0":{"start":{"line":1,"column":0},"end":{"line":20,"column":2}}},"fnMap":{},"branchMap":{},"s":{"0":0},"f":{},"b":{}}
,"/home/ethan/court/expo_app/components/basic/AddressInputComp.tsx": {"path":"/home/ethan/court/expo_app/components/basic/AddressInputComp.tsx","statementMap":{"0":{"start":{"line":14,"column":58},"end":{"line":42,"column":1}},"1":{"start":{"line":18,"column":17},"end":{"line":23,"column":3}},"2":{"start":{"line":25,"column":2},"end":{"line":41,"column":4}},"3":{"start":{"line":30,"column":10},"end":{"line":30,"column":41}}},"fnMap":{"0":{"name":"(anonymous_0)","decl":{"start":{"line":14,"column":58},"end":{"line":14,"column":59}},"loc":{"start":{"line":17,"column":6},"end":{"line":42,"column":1}},"line":17},"1":{"name":"(anonymous_1)","decl":{"start":{"line":29,"column":17},"end":{"line":29,"column":18}},"loc":{"start":{"line":29,"column":43},"end":{"line":31,"column":9}},"line":29}},"branchMap":{"0":{"loc":{"start":{"line":20,"column":6},"end":{"line":20,"column":53}},"type":"binary-expr","locations":[{"start":{"line":20,"column":6},"end":{"line":20,"column":47}},{"start":{"line":20,"column":51},"end":{"line":20,"column":53}}],"line":20},"1":{"loc":{"start":{"line":22,"column":6},"end":{"line":22,"column":63}},"type":"binary-expr","locations":[{"start":{"line":22,"column":6},"end":{"line":22,"column":57}},{"start":{"line":22,"column":61},"end":{"line":22,"column":63}}],"line":22},"2":{"loc":{"start":{"line":29,"column":24},"end":{"line":29,"column":38}},"type":"default-arg","locations":[{"start":{"line":29,"column":34},"end":{"line":29,"column":38}}],"line":29}},"s":{"0":0,"1":0,"2":0,"3":0},"f":{"0":0,"1":0},"b":{"0":[0,0],"1":[0,0],"2":[0]}}
,"/home/ethan/court/expo_app/components/basic/ButtonComp.tsx": {"path":"/home/ethan/court/expo_app/components/basic/ButtonComp.tsx","statementMap":{"0":{"start":{"line":19,"column":46},"end":{"line":38,"column":1}},"1":{"start":{"line":24,"column":17},"end":{"line":27,"column":3}},"2":{"start":{"line":29,"column":2},"end":{"line":37,"column":4}}},"fnMap":{"0":{"name":"(anonymous_0)","decl":{"start":{"line":19,"column":46},"end":{"line":19,"column":47}},"loc":{"start":{"line":23,"column":6},"end":{"line":38,"column":1}},"line":23}},"branchMap":{"0":{"loc":{"start":{"line":25,"column":32},"end":{"line":25,"column":76}},"type":"binary-expr","locations":[{"start":{"line":25,"column":32},"end":{"line":25,"column":70}},{"start":{"line":25,"column":74},"end":{"line":25,"column":76}}],"line":25},"1":{"loc":{"start":{"line":26,"column":20},"end":{"line":26,"column":52}},"type":"binary-expr","locations":[{"start":{"line":26,"column":20},"end":{"line":26,"column":46}},{"start":{"line":26,"column":50},"end":{"line":26,"column":52}}],"line":26}},"s":{"0":1,"1":4,"2":4},"f":{"0":4},"b":{"0":[4,4],"1":[4,4]},"_coverageSchema":"1a1c01bbd47fc00a2c39e90264f33305004495a9","hash":"b98d5435a8694815399883716396dbc91190f31a"}
,"/home/ethan/court/expo_app/components/basic/DatePickerComp.tsx": {"path":"/home/ethan/court/expo_app/components/basic/DatePickerComp.tsx","statementMap":{"0":{"start":{"line":29,"column":54},"end":{"line":142,"column":1}},"1":{"start":{"line":38,"column":17},"end":{"line":50,"column":3}},"2":{"start":{"line":52,"column":36},"end":{"line":52,"column":56}},"3":{"start":{"line":54,"column":4},"end":{"line":54,"column":28}},"4":{"start":{"line":56,"column":25},"end":{"line":58,"column":3}},"5":{"start":{"line":57,"column":4},"end":{"line":57,"column":34}},"6":{"start":{"line":60,"column":25},"end":{"line":62,"column":3}},"7":{"start":{"line":61,"column":4},"end":{"line":61,"column":35}},"8":{"start":{"line":64,"column":21},"end":{"line":68,"column":3}},"9":{"start":{"line":65,"column":4},"end":{"line":67,"column":5}},"10":{"start":{"line":66,"column":6},"end":{"line":66,"column":15}},"11":{"start":{"line":70,"column":24},"end":{"line":77,"column":3}},"12":{"start":{"line":71,"column":4},"end":{"line":71,"column":51}},"13":{"start":{"line":72,"column":26},"end":{"line":72,"column":51}},"14":{"start":{"line":73,"column":4},"end":{"line":73,"column":32}},"15":{"start":{"line":74,"column":4},"end":{"line":74,"column":32}},"16":{"start":{"line":75,"column":4},"end":{"line":75,"column":21}},"17":{"start":{"line":76,"column":4},"end":{"line":76,"column":17}},"18":{"start":{"line":79,"column":30},"end":{"line":107,"column":3}},"19":{"start":{"line":81,"column":18},"end":{"line":81,"column":45}},"20":{"start":{"line":84,"column":4},"end":{"line":86,"column":5}},"21":{"start":{"line":85,"column":6},"end":{"line":85,"column":61}},"22":{"start":{"line":87,"column":4},"end":{"line":89,"column":5}},"23":{"start":{"line":88,"column":6},"end":{"line":88,"column":61}},"24":{"start":{"line":92,"column":4},"end":{"line":94,"column":5}},"25":{"start":{"line":93,"column":6},"end":{"line":93,"column":37}},"26":{"start":{"line":97,"column":4},"end":{"line":106,"column":5}},"27":{"start":{"line":98,"column":6},"end":{"line":98,"column":23}},"28":{"start":{"line":99,"column":6},"end":{"line":99,"column":19}},"29":{"start":{"line":102,"column":9},"end":{"line":106,"column":5}},"30":{"start":{"line":103,"column":6},"end":{"line":103,"column":28}},"31":{"start":{"line":104,"column":6},"end":{"line":104,"column":56}},"32":{"start":{"line":105,"column":6},"end":{"line":105,"column":19}},"33":{"start":{"line":109,"column":2},"end":{"line":121,"column":3}},"34":{"start":{"line":110,"column":4},"end":{"line":120,"column":6}},"35":{"start":{"line":123,"column":21},"end":{"line":123,"column":62}},"36":{"start":{"line":125,"column":2},"end":{"line":141,"column":4}}},"fnMap":{"0":{"name":"(anonymous_0)","decl":{"start":{"line":29,"column":54},"end":{"line":29,"column":55}},"loc":{"start":{"line":37,"column":6},"end":{"line":142,"column":1}},"line":37},"1":{"name":"(anonymous_1)","decl":{"start":{"line":56,"column":25},"end":{"line":56,"column":26}},"loc":{"start":{"line":56,"column":31},"end":{"line":58,"column":3}},"line":56},"2":{"name":"(anonymous_2)","decl":{"start":{"line":60,"column":25},"end":{"line":60,"column":26}},"loc":{"start":{"line":60,"column":31},"end":{"line":62,"column":3}},"line":60},"3":{"name":"(anonymous_3)","decl":{"start":{"line":64,"column":21},"end":{"line":64,"column":22}},"loc":{"start":{"line":64,"column":27},"end":{"line":68,"column":3}},"line":64},"4":{"name":"(anonymous_4)","decl":{"start":{"line":70,"column":24},"end":{"line":70,"column":25}},"loc":{"start":{"line":70,"column":40},"end":{"line":77,"column":3}},"line":70},"5":{"name":"(anonymous_5)","decl":{"start":{"line":79,"column":30},"end":{"line":79,"column":31}},"loc":{"start":{"line":79,"column":48},"end":{"line":107,"column":3}},"line":79}},"branchMap":{"0":{"loc":{"start":{"line":39,"column":27},"end":{"line":39,"column":66}},"type":"binary-expr","locations":[{"start":{"line":39,"column":27},"end":{"line":39,"column":60}},{"start":{"line":39,"column":64},"end":{"line":39,"column":66}}],"line":39},"1":{"loc":{"start":{"line":40,"column":28},"end":{"line":40,"column":68}},"type":"binary-expr","locations":[{"start":{"line":40,"column":28},"end":{"line":40,"column":62}},{"start":{"line":40,"column":66},"end":{"line":40,"column":68}}],"line":40},"2":{"loc":{"start":{"line":41,"column":27},"end":{"line":41,"column":66}},"type":"binary-expr","locations":[{"start":{"line":41,"column":27},"end":{"line":41,"column":60}},{"start":{"line":41,"column":64},"end":{"line":41,"column":66}}],"line":41},"3":{"loc":{"start":{"line":42,"column":28},"end":{"line":42,"column":68}},"type":"binary-expr","locations":[{"start":{"line":42,"column":28},"end":{"line":42,"column":62}},{"start":{"line":42,"column":66},"end":{"line":42,"column":68}}],"line":42},"4":{"loc":{"start":{"line":43,"column":29},"end":{"line":43,"column":70}},"type":"binary-expr","locations":[{"start":{"line":43,"column":29},"end":{"line":43,"column":64}},{"start":{"line":43,"column":68},"end":{"line":43,"column":70}}],"line":43},"5":{"loc":{"start":{"line":45,"column":28},"end":{"line":45,"column":68}},"type":"binary-expr","locations":[{"start":{"line":45,"column":28},"end":{"line":45,"column":62}},{"start":{"line":45,"column":66},"end":{"line":45,"column":68}}],"line":45},"6":{"loc":{"start":{"line":46,"column":32},"end":{"line":46,"column":76}},"type":"binary-expr","locations":[{"start":{"line":46,"column":32},"end":{"line":46,"column":70}},{"start":{"line":46,"column":74},"end":{"line":46,"column":76}}],"line":46},"7":{"loc":{"start":{"line":47,"column":32},"end":{"line":47,"column":76}},"type":"binary-expr","locations":[{"start":{"line":47,"column":32},"end":{"line":47,"column":70}},{"start":{"line":47,"column":74},"end":{"line":47,"column":76}}],"line":47},"8":{"loc":{"start":{"line":48,"column":28},"end":{"line":48,"column":68}},"type":"binary-expr","locations":[{"start":{"line":48,"column":28},"end":{"line":48,"column":62}},{"start":{"line":48,"column":66},"end":{"line":48,"column":68}}],"line":48},"9":{"loc":{"start":{"line":49,"column":23},"end":{"line":49,"column":58}},"type":"binary-expr","locations":[{"start":{"line":49,"column":23},"end":{"line":49,"column":52}},{"start":{"line":49,"column":56},"end":{"line":49,"column":58}}],"line":49},"10":{"loc":{"start":{"line":65,"column":4},"end":{"line":67,"column":5}},"type":"if","locations":[{"start":{"line":65,"column":4},"end":{"line":67,"column":5}},{"start":{},"end":{}}],"line":65},"11":{"loc":{"start":{"line":84,"column":4},"end":{"line":86,"column":5}},"type":"if","locations":[{"start":{"line":84,"column":4},"end":{"line":86,"column":5}},{"start":{},"end":{}}],"line":84},"12":{"loc":{"start":{"line":87,"column":4},"end":{"line":89,"column":5}},"type":"if","locations":[{"start":{"line":87,"column":4},"end":{"line":89,"column":5}},{"start":{},"end":{}}],"line":87},"13":{"loc":{"start":{"line":92,"column":4},"end":{"line":94,"column":5}},"type":"if","locations":[{"start":{"line":92,"column":4},"end":{"line":94,"column":5}},{"start":{},"end":{}}],"line":92},"14":{"loc":{"start":{"line":97,"column":4},"end":{"line":106,"column":5}},"type":"if","locations":[{"start":{"line":97,"column":4},"end":{"line":106,"column":5}},{"start":{"line":102,"column":9},"end":{"line":106,"column":5}}],"line":97},"15":{"loc":{"start":{"line":102,"column":9},"end":{"line":106,"column":5}},"type":"if","locations":[{"start":{"line":102,"column":9},"end":{"line":106,"column":5}},{"start":{},"end":{}}],"line":102},"16":{"loc":{"start":{"line":102,"column":13},"end":{"line":102,"column":58}},"type":"binary-expr","locations":[{"start":{"line":102,"column":13},"end":{"line":102,"column":30}},{"start":{"line":102,"column":34},"end":{"line":102,"column":58}}],"line":102},"17":{"loc":{"start":{"line":109,"column":2},"end":{"line":121,"column":3}},"type":"if","locations":[{"start":{"line":109,"column":2},"end":{"line":121,"column":3}},{"start":{},"end":{}}],"line":109},"18":{"loc":{"start":{"line":123,"column":21},"end":{"line":123,"column":62}},"type":"cond-expr","locations":[{"start":{"line":123,"column":33},"end":{"line":123,"column":42}},{"start":{"line":123,"column":45},"end":{"line":123,"column":62}}],"line":123}},"s":{"0":1,"1":7,"2":7,"3":7,"4":7,"5":0,"6":7,"7":0,"8":7,"9":13,"10":1,"11":7,"12":0,"13":0,"14":0,"15":0,"16":0,"17":0,"18":7,"19":15,"20":15,"21":8,"22":15,"23":7,"24":15,"25":1,"26":15,"27":1,"28":1,"29":14,"30":12,"31":12,"32":12,"33":7,"34":5,"35":2,"36":2},"f":{"0":7,"1":0,"2":0,"3":13,"4":0,"5":15},"b":{"0":[7,7],"1":[7,7],"2":[7,7],"3":[7,7],"4":[7,7],"5":[7,7],"6":[7,7],"7":[7,7],"8":[7,7],"9":[7,7],"10":[1,12],"11":[8,7],"12":[7,8],"13":[1,14],"14":[1,14],"15":[12,2],"16":[14,12],"17":[5,2],"18":[0,2]},"_coverageSchema":"1a1c01bbd47fc00a2c39e90264f33305004495a9","hash":"48154a62657137f3075095c3e3854afd7b6d24a4"}
,"/home/ethan/court/expo_app/components/basic/TextInputComp.tsx": {"path":"/home/ethan/court/expo_app/components/basic/TextInputComp.tsx","statementMap":{"0":{"start":{"line":15,"column":20},"end":{"line":22,"column":1}},"1":{"start":{"line":24,"column":22},"end":{"line":88,"column":1}},"2":{"start":{"line":47,"column":17},"end":{"line":53,"column":3}},"3":{"start":{"line":55,"column":42},"end":{"line":55,"column":57}},"4":{"start":{"line":57,"column":2},"end":{"line":87,"column":4}},"5":{"start":{"line":74,"column":27},"end":{"line":74,"column":57}}},"fnMap":{"0":{"name":"(anonymous_0)","decl":{"start":{"line":24,"column":22},"end":{"line":24,"column":23}},"loc":{"start":{"line":46,"column":6},"end":{"line":88,"column":1}},"line":46},"1":{"name":"(anonymous_1)","decl":{"start":{"line":74,"column":21},"end":{"line":74,"column":22}},"loc":{"start":{"line":74,"column":27},"end":{"line":74,"column":57}},"line":74}},"branchMap":{"0":{"loc":{"start":{"line":48,"column":28},"end":{"line":48,"column":68}},"type":"binary-expr","locations":[{"start":{"line":48,"column":28},"end":{"line":48,"column":62}},{"start":{"line":48,"column":66},"end":{"line":48,"column":68}}],"line":48},"1":{"loc":{"start":{"line":49,"column":32},"end":{"line":49,"column":76}},"type":"binary-expr","locations":[{"start":{"line":49,"column":32},"end":{"line":49,"column":70}},{"start":{"line":49,"column":74},"end":{"line":49,"column":76}}],"line":49},"2":{"loc":{"start":{"line":50,"column":32},"end":{"line":50,"column":76}},"type":"binary-expr","locations":[{"start":{"line":50,"column":32},"end":{"line":50,"column":70}},{"start":{"line":50,"column":74},"end":{"line":50,"column":76}}],"line":50},"3":{"loc":{"start":{"line":51,"column":28},"end":{"line":51,"column":68}},"type":"binary-expr","locations":[{"start":{"line":51,"column":28},"end":{"line":51,"column":62}},{"start":{"line":51,"column":66},"end":{"line":51,"column":68}}],"line":51},"4":{"loc":{"start":{"line":52,"column":23},"end":{"line":52,"column":58}},"type":"binary-expr","locations":[{"start":{"line":52,"column":23},"end":{"line":52,"column":52}},{"start":{"line":52,"column":56},"end":{"line":52,"column":58}}],"line":52},"5":{"loc":{"start":{"line":69,"column":27},"end":{"line":69,"column":59}},"type":"binary-expr","locations":[{"start":{"line":69,"column":27},"end":{"line":69,"column":42}},{"start":{"line":69,"column":46},"end":{"line":69,"column":59}}],"line":69},"6":{"loc":{"start":{"line":72,"column":9},"end":{"line":84,"column":9}},"type":"binary-expr","locations":[{"start":{"line":72,"column":9},"end":{"line":72,"column":24}},{"start":{"line":73,"column":10},"end":{"line":83,"column":29}}],"line":72},"7":{"loc":{"start":{"line":79,"column":20},"end":{"line":79,"column":66}},"type":"cond-expr","locations":[{"start":{"line":79,"column":35},"end":{"line":79,"column":47}},{"start":{"line":79,"column":50},"end":{"line":79,"column":66}}],"line":79}},"s":{"0":2,"1":2,"2":18,"3":18,"4":18,"5":1},"f":{"0":18,"1":1},"b":{"0":[18,13],"1":[18,13],"2":[18,13],"3":[18,13],"4":[18,13],"5":[18,4],"6":[18,4],"7":[1,3]},"_coverageSchema":"1a1c01bbd47fc00a2c39e90264f33305004495a9","hash":"bde883f58362019b82ac9a50178ccc993fd56378"}
,"/home/ethan/court/expo_app/components/basic/ToggleButtonGroupComp.tsx": {"path":"/home/ethan/court/expo_app/components/basic/ToggleButtonGroupComp.tsx","statementMap":{"0":{"start":{"line":26,"column":75},"end":{"line":87,"column":1}},"1":{"start":{"line":32,"column":17},"end":{"line":45,"column":3}},"2":{"start":{"line":47,"column":44},"end":{"line":47,"column":56}},"3":{"start":{"line":49,"column":28},"end":{"line":54,"column":3}},"4":{"start":{"line":50,"column":4},"end":{"line":50,"column":28}},"5":{"start":{"line":51,"column":4},"end":{"line":53,"column":5}},"6":{"start":{"line":52,"column":6},"end":{"line":52,"column":27}},"7":{"start":{"line":56,"column":21},"end":{"line":56,"column":63}},"8":{"start":{"line":56,"column":40},"end":{"line":56,"column":63}},"9":{"start":{"line":58,"column":2},"end":{"line":86,"column":4}},"10":{"start":{"line":63,"column":10},"end":{"line":82,"column":29}},"11":{"start":{"line":71,"column":27},"end":{"line":71,"column":56}}},"fnMap":{"0":{"name":"(anonymous_0)","decl":{"start":{"line":26,"column":75},"end":{"line":26,"column":76}},"loc":{"start":{"line":31,"column":6},"end":{"line":87,"column":1}},"line":31},"1":{"name":"(anonymous_1)","decl":{"start":{"line":49,"column":28},"end":{"line":49,"column":29}},"loc":{"start":{"line":49,"column":47},"end":{"line":54,"column":3}},"line":49},"2":{"name":"(anonymous_2)","decl":{"start":{"line":56,"column":21},"end":{"line":56,"column":22}},"loc":{"start":{"line":56,"column":40},"end":{"line":56,"column":63}},"line":56},"3":{"name":"(anonymous_3)","decl":{"start":{"line":62,"column":21},"end":{"line":62,"column":22}},"loc":{"start":{"line":63,"column":10},"end":{"line":82,"column":29}},"line":63},"4":{"name":"(anonymous_4)","decl":{"start":{"line":71,"column":21},"end":{"line":71,"column":22}},"loc":{"start":{"line":71,"column":27},"end":{"line":71,"column":56}},"line":71}},"branchMap":{"0":{"loc":{"start":{"line":34,"column":6},"end":{"line":34,"column":54}},"type":"binary-expr","locations":[{"start":{"line":34,"column":6},"end":{"line":34,"column":48}},{"start":{"line":34,"column":52},"end":{"line":34,"column":54}}],"line":34},"1":{"loc":{"start":{"line":35,"column":32},"end":{"line":35,"column":76}},"type":"binary-expr","locations":[{"start":{"line":35,"column":32},"end":{"line":35,"column":70}},{"start":{"line":35,"column":74},"end":{"line":35,"column":76}}],"line":35},"2":{"loc":{"start":{"line":37,"column":6},"end":{"line":37,"column":52}},"type":"binary-expr","locations":[{"start":{"line":37,"column":6},"end":{"line":37,"column":46}},{"start":{"line":37,"column":50},"end":{"line":37,"column":52}}],"line":37},"3":{"loc":{"start":{"line":38,"column":33},"end":{"line":38,"column":78}},"type":"binary-expr","locations":[{"start":{"line":38,"column":33},"end":{"line":38,"column":72}},{"start":{"line":38,"column":76},"end":{"line":38,"column":78}}],"line":38},"4":{"loc":{"start":{"line":40,"column":6},"end":{"line":40,"column":59}},"type":"binary-expr","locations":[{"start":{"line":40,"column":6},"end":{"line":40,"column":53}},{"start":{"line":40,"column":57},"end":{"line":40,"column":59}}],"line":40},"5":{"loc":{"start":{"line":42,"column":6},"end":{"line":42,"column":55}},"type":"binary-expr","locations":[{"start":{"line":42,"column":6},"end":{"line":42,"column":49}},{"start":{"line":42,"column":53},"end":{"line":42,"column":55}}],"line":42},"6":{"loc":{"start":{"line":44,"column":6},"end":{"line":44,"column":63}},"type":"binary-expr","locations":[{"start":{"line":44,"column":6},"end":{"line":44,"column":57}},{"start":{"line":44,"column":61},"end":{"line":44,"column":63}}],"line":44},"7":{"loc":{"start":{"line":51,"column":4},"end":{"line":53,"column":5}},"type":"if","locations":[{"start":{"line":51,"column":4},"end":{"line":53,"column":5}},{"start":{},"end":{}}],"line":51},"8":{"loc":{"start":{"line":68,"column":14},"end":{"line":69,"column":58}},"type":"binary-expr","locations":[{"start":{"line":68,"column":14},"end":{"line":68,"column":36}},{"start":{"line":69,"column":16},"end":{"line":69,"column":58}}],"line":68},"9":{"loc":{"start":{"line":76,"column":16},"end":{"line":77,"column":64}},"type":"binary-expr","locations":[{"start":{"line":76,"column":16},"end":{"line":76,"column":38}},{"start":{"line":77,"column":18},"end":{"line":77,"column":64}}],"line":76}},"s":{"0":1,"1":10,"2":10,"3":10,"4":2,"5":2,"6":1,"7":10,"8":60,"9":10,"10":30,"11":2},"f":{"0":10,"1":2,"2":60,"3":30,"4":2},"b":{"0":[10,10],"1":[10,10],"2":[10,10],"3":[10,10],"4":[10,10],"5":[10,10],"6":[10,8],"7":[1,1],"8":[30,2],"9":[30,2]},"_coverageSchema":"1a1c01bbd47fc00a2c39e90264f33305004495a9","hash":"380648351cc273cc7369a775981ade2ab508709e"}
,"/home/ethan/court/expo_app/components/basic/ViewPrivacyPolicy.tsx": {"path":"/home/ethan/court/expo_app/components/basic/ViewPrivacyPolicy.tsx","statementMap":{"0":{"start":{"line":22,"column":60},"end":{"line":45,"column":1}},"1":{"start":{"line":25,"column":17},"end":{"line":28,"column":3}},"2":{"start":{"line":30,"column":21},"end":{"line":30,"column":69}},"3":{"start":{"line":32,"column":22},"end":{"line":34,"column":3}},"4":{"start":{"line":33,"column":4},"end":{"line":33,"column":41}},"5":{"start":{"line":36,"column":2},"end":{"line":44,"column":4}}},"fnMap":{"0":{"name":"(anonymous_0)","decl":{"start":{"line":22,"column":60},"end":{"line":22,"column":61}},"loc":{"start":{"line":24,"column":6},"end":{"line":45,"column":1}},"line":24},"1":{"name":"(anonymous_1)","decl":{"start":{"line":32,"column":22},"end":{"line":32,"column":23}},"loc":{"start":{"line":32,"column":28},"end":{"line":34,"column":3}},"line":32}},"branchMap":{"0":{"loc":{"start":{"line":26,"column":27},"end":{"line":26,"column":66}},"type":"binary-expr","locations":[{"start":{"line":26,"column":27},"end":{"line":26,"column":60}},{"start":{"line":26,"column":64},"end":{"line":26,"column":66}}],"line":26},"1":{"loc":{"start":{"line":27,"column":27},"end":{"line":27,"column":66}},"type":"binary-expr","locations":[{"start":{"line":27,"column":27},"end":{"line":27,"column":60}},{"start":{"line":27,"column":64},"end":{"line":27,"column":66}}],"line":27}},"s":{"0":1,"1":3,"2":3,"3":3,"4":1,"5":3},"f":{"0":3,"1":1},"b":{"0":[3,3],"1":[3,3]},"_coverageSchema":"1a1c01bbd47fc00a2c39e90264f33305004495a9","hash":"0e8c4216c6dc2f7e052fa84d0fce2c59fb552af8"}
,"/home/ethan/court/expo_app/components/conditions/PrivacyPolicy.tsx": {"path":"/home/ethan/court/expo_app/components/conditions/PrivacyPolicy.tsx","statementMap":{"0":{"start":{"line":10,"column":15},"end":{"line":48,"column":1}},"1":{"start":{"line":57,"column":52},"end":{"line":68,"column":1}},"2":{"start":{"line":58,"column":17},"end":{"line":61,"column":3}},"3":{"start":{"line":63,"column":2},"end":{"line":67,"column":4}}},"fnMap":{"0":{"name":"(anonymous_0)","decl":{"start":{"line":57,"column":52},"end":{"line":57,"column":53}},"loc":{"start":{"line":57,"column":72},"end":{"line":68,"column":1}},"line":57}},"branchMap":{"0":{"loc":{"start":{"line":59,"column":29},"end":{"line":59,"column":70}},"type":"binary-expr","locations":[{"start":{"line":59,"column":29},"end":{"line":59,"column":64}},{"start":{"line":59,"column":68},"end":{"line":59,"column":70}}],"line":59},"1":{"loc":{"start":{"line":60,"column":23},"end":{"line":60,"column":58}},"type":"binary-expr","locations":[{"start":{"line":60,"column":23},"end":{"line":60,"column":52}},{"start":{"line":60,"column":56},"end":{"line":60,"column":58}}],"line":60}},"s":{"0":0,"1":0,"2":0,"3":0},"f":{"0":0},"b":{"0":[0,0],"1":[0,0]}}
,"/home/ethan/court/expo_app/components/conditions/TermsAndConditions.tsx": {"path":"/home/ethan/court/expo_app/components/conditions/TermsAndConditions.tsx","statementMap":{"0":{"start":{"line":10,"column":14},"end":{"line":37,"column":129}},"1":{"start":{"line":46,"column":62},"end":{"line":59,"column":1}},"2":{"start":{"line":49,"column":17},"end":{"line":52,"column":3}},"3":{"start":{"line":54,"column":2},"end":{"line":58,"column":4}}},"fnMap":{"0":{"name":"(anonymous_0)","decl":{"start":{"line":46,"column":62},"end":{"line":46,"column":63}},"loc":{"start":{"line":48,"column":6},"end":{"line":59,"column":1}},"line":48}},"branchMap":{"0":{"loc":{"start":{"line":50,"column":29},"end":{"line":50,"column":70}},"type":"binary-expr","locations":[{"start":{"line":50,"column":29},"end":{"line":50,"column":64}},{"start":{"line":50,"column":68},"end":{"line":50,"column":70}}],"line":50},"1":{"loc":{"start":{"line":51,"column":23},"end":{"line":51,"column":58}},"type":"binary-expr","locations":[{"start":{"line":51,"column":23},"end":{"line":51,"column":52}},{"start":{"line":51,"column":56},"end":{"line":51,"column":58}}],"line":51}},"s":{"0":0,"1":0,"2":0,"3":0},"f":{"0":0},"b":{"0":[0,0],"1":[0,0]}}
,"/home/ethan/court/expo_app/components/registerForm/RegisterForm.tsx": {"path":"/home/ethan/court/expo_app/components/registerForm/RegisterForm.tsx","statementMap":{"0":{"start":{"line":29,"column":21},"end":{"line":748,"column":1}},"1":{"start":{"line":30,"column":27},"end":{"line":30,"column":48}},"2":{"start":{"line":33,"column":28},"end":{"line":33,"column":32}},"3":{"start":{"line":34,"column":28},"end":{"line":34,"column":43}},"4":{"start":{"line":36,"column":35},"end":{"line":36,"column":39}},"5":{"start":{"line":37,"column":35},"end":{"line":37,"column":51}},"6":{"start":{"line":39,"column":34},"end":{"line":39,"column":38}},"7":{"start":{"line":40,"column":34},"end":{"line":40,"column":69}},"8":{"start":{"line":42,"column":20},"end":{"line":42,"column":22}},"9":{"start":{"line":43,"column":26},"end":{"line":43,"column":53}},"10":{"start":{"line":51,"column":17},"end":{"line":408,"column":4}},"11":{"start":{"line":411,"column":32},"end":{"line":415,"column":3}},"12":{"start":{"line":416,"column":29},"end":{"line":420,"column":3}},"13":{"start":{"line":421,"column":34},"end":{"line":424,"column":3}},"14":{"start":{"line":427,"column":37},"end":{"line":430,"column":3}},"15":{"start":{"line":433,"column":33},"end":{"line":439,"column":3}},"16":{"start":{"line":440,"column":30},"end":{"line":448,"column":3}},"17":{"start":{"line":449,"column":42},"end":{"line":459,"column":3}},"18":{"start":{"line":460,"column":25},"end":{"line":469,"column":3}},"19":{"start":{"line":470,"column":33},"end":{"line":474,"column":3}},"20":{"start":{"line":475,"column":32},"end":{"line":479,"column":3}},"21":{"start":{"line":480,"column":38},"end":{"line":483,"column":3}},"22":{"start":{"line":484,"column":27},"end":{"line":487,"column":3}},"23":{"start":{"line":489,"column":24},"end":{"line":489,"column":48}},"24":{"start":{"line":491,"column":17},"end":{"line":508,"column":4}},"25":{"start":{"line":506,"column":6},"end":{"line":506,"column":47}},"26":{"start":{"line":510,"column":35},"end":{"line":514,"column":3}},"27":{"start":{"line":510,"column":53},"end":{"line":514,"column":3}},"28":{"start":{"line":511,"column":4},"end":{"line":513,"column":5}},"29":{"start":{"line":512,"column":6},"end":{"line":512,"column":33}},"30":{"start":{"line":516,"column":23},"end":{"line":525,"column":3}},"31":{"start":{"line":517,"column":4},"end":{"line":517,"column":26}},"32":{"start":{"line":518,"column":4},"end":{"line":524,"column":5}},"33":{"start":{"line":523,"column":6},"end":{"line":523,"column":69}},"34":{"start":{"line":527,"column":2},"end":{"line":747,"column":4}},"35":{"start":{"line":594,"column":42},"end":{"line":594,"column":79}},"36":{"start":{"line":663,"column":22},"end":{"line":663,"column":61}},"37":{"start":{"line":692,"column":26},"end":{"line":695,"column":28}},"38":{"start":{"line":724,"column":18},"end":{"line":727,"column":19}}},"fnMap":{"0":{"name":"(anonymous_0)","decl":{"start":{"line":29,"column":21},"end":{"line":29,"column":22}},"loc":{"start":{"line":29,"column":27},"end":{"line":748,"column":1}},"line":29},"1":{"name":"(anonymous_1)","decl":{"start":{"line":505,"column":14},"end":{"line":505,"column":15}},"loc":{"start":{"line":505,"column":26},"end":{"line":507,"column":5}},"line":505},"2":{"name":"(anonymous_2)","decl":{"start":{"line":510,"column":35},"end":{"line":510,"column":36}},"loc":{"start":{"line":510,"column":53},"end":{"line":514,"column":3}},"line":510},"3":{"name":"(anonymous_3)","decl":{"start":{"line":510,"column":53},"end":{"line":510,"column":54}},"loc":{"start":{"line":510,"column":65},"end":{"line":514,"column":3}},"line":510},"4":{"name":"(anonymous_4)","decl":{"start":{"line":516,"column":23},"end":{"line":516,"column":24}},"loc":{"start":{"line":516,"column":29},"end":{"line":525,"column":3}},"line":516},"5":{"name":"(anonymous_5)","decl":{"start":{"line":594,"column":31},"end":{"line":594,"column":32}},"loc":{"start":{"line":594,"column":42},"end":{"line":594,"column":79}},"line":594},"6":{"name":"(anonymous_6)","decl":{"start":{"line":662,"column":34},"end":{"line":662,"column":35}},"loc":{"start":{"line":663,"column":22},"end":{"line":663,"column":61}},"line":663},"7":{"name":"(anonymous_7)","decl":{"start":{"line":691,"column":41},"end":{"line":691,"column":42}},"loc":{"start":{"line":692,"column":26},"end":{"line":695,"column":28}},"line":692},"8":{"name":"(anonymous_8)","decl":{"start":{"line":723,"column":25},"end":{"line":723,"column":26}},"loc":{"start":{"line":724,"column":18},"end":{"line":727,"column":19}},"line":724}},"branchMap":{"0":{"loc":{"start":{"line":511,"column":4},"end":{"line":513,"column":5}},"type":"if","locations":[{"start":{"line":511,"column":4},"end":{"line":513,"column":5}},{"start":{},"end":{}}],"line":511},"1":{"loc":{"start":{"line":518,"column":4},"end":{"line":524,"column":5}},"type":"if","locations":[{"start":{"line":518,"column":4},"end":{"line":524,"column":5}},{"start":{},"end":{}}],"line":518},"2":{"loc":{"start":{"line":519,"column":6},"end":{"line":521,"column":27}},"type":"binary-expr","locations":[{"start":{"line":519,"column":6},"end":{"line":519,"column":19}},{"start":{"line":520,"column":6},"end":{"line":520,"column":43}},{"start":{"line":521,"column":6},"end":{"line":521,"column":27}}],"line":519},"3":{"loc":{"start":{"line":548,"column":23},"end":{"line":548,"column":78}},"type":"binary-expr","locations":[{"start":{"line":548,"column":23},"end":{"line":548,"column":49}},{"start":{"line":548,"column":53},"end":{"line":548,"column":78}}],"line":548},"4":{"loc":{"start":{"line":553,"column":21},"end":{"line":553,"column":76}},"type":"binary-expr","locations":[{"start":{"line":553,"column":21},"end":{"line":553,"column":47}},{"start":{"line":553,"column":51},"end":{"line":553,"column":76}}],"line":553},"5":{"loc":{"start":{"line":564,"column":23},"end":{"line":564,"column":76}},"type":"binary-expr","locations":[{"start":{"line":564,"column":23},"end":{"line":564,"column":48}},{"start":{"line":564,"column":52},"end":{"line":564,"column":76}}],"line":564},"6":{"loc":{"start":{"line":569,"column":21},"end":{"line":569,"column":74}},"type":"binary-expr","locations":[{"start":{"line":569,"column":21},"end":{"line":569,"column":46}},{"start":{"line":569,"column":50},"end":{"line":569,"column":74}}],"line":569},"7":{"loc":{"start":{"line":580,"column":23},"end":{"line":580,"column":70}},"type":"binary-expr","locations":[{"start":{"line":580,"column":23},"end":{"line":580,"column":45}},{"start":{"line":580,"column":49},"end":{"line":580,"column":70}}],"line":580},"8":{"loc":{"start":{"line":585,"column":21},"end":{"line":585,"column":68}},"type":"binary-expr","locations":[{"start":{"line":585,"column":21},"end":{"line":585,"column":43}},{"start":{"line":585,"column":47},"end":{"line":585,"column":68}}],"line":585},"9":{"loc":{"start":{"line":599,"column":21},"end":{"line":599,"column":70}},"type":"binary-expr","locations":[{"start":{"line":599,"column":21},"end":{"line":599,"column":44}},{"start":{"line":599,"column":48},"end":{"line":599,"column":70}}],"line":599},"10":{"loc":{"start":{"line":613,"column":22},"end":{"line":613,"column":75}},"type":"binary-expr","locations":[{"start":{"line":613,"column":22},"end":{"line":613,"column":47}},{"start":{"line":613,"column":51},"end":{"line":613,"column":75}}],"line":613},"11":{"loc":{"start":{"line":625,"column":21},"end":{"line":625,"column":74}},"type":"binary-expr","locations":[{"start":{"line":625,"column":21},"end":{"line":625,"column":46}},{"start":{"line":625,"column":50},"end":{"line":625,"column":74}}],"line":625},"12":{"loc":{"start":{"line":629,"column":11},"end":{"line":652,"column":18}},"type":"cond-expr","locations":[{"start":{"line":630,"column":12},"end":{"line":651,"column":14}},{"start":{"line":652,"column":14},"end":{"line":652,"column":18}}],"line":629},"13":{"loc":{"start":{"line":638,"column":20},"end":{"line":639,"column":51}},"type":"binary-expr","locations":[{"start":{"line":638,"column":20},"end":{"line":638,"column":52}},{"start":{"line":639,"column":20},"end":{"line":639,"column":51}}],"line":638},"14":{"loc":{"start":{"line":647,"column":16},"end":{"line":648,"column":47}},"type":"binary-expr","locations":[{"start":{"line":647,"column":16},"end":{"line":647,"column":48}},{"start":{"line":648,"column":16},"end":{"line":648,"column":47}}],"line":647},"15":{"loc":{"start":{"line":667,"column":22},"end":{"line":667,"column":77}},"type":"binary-expr","locations":[{"start":{"line":667,"column":22},"end":{"line":667,"column":48}},{"start":{"line":667,"column":52},"end":{"line":667,"column":77}}],"line":667},"16":{"loc":{"start":{"line":680,"column":21},"end":{"line":680,"column":76}},"type":"binary-expr","locations":[{"start":{"line":680,"column":21},"end":{"line":680,"column":47}},{"start":{"line":680,"column":51},"end":{"line":680,"column":76}}],"line":680},"17":{"loc":{"start":{"line":715,"column":21},"end":{"line":715,"column":72}},"type":"binary-expr","locations":[{"start":{"line":715,"column":21},"end":{"line":715,"column":45}},{"start":{"line":715,"column":49},"end":{"line":715,"column":72}}],"line":715},"18":{"loc":{"start":{"line":734,"column":14},"end":{"line":734,"column":77}},"type":"binary-expr","locations":[{"start":{"line":734,"column":14},"end":{"line":734,"column":44}},{"start":{"line":734,"column":48},"end":{"line":734,"column":77}}],"line":734}},"s":{"0":0,"1":0,"2":0,"3":0,"4":0,"5":0,"6":0,"7":0,"8":0,"9":0,"10":0,"11":0,"12":0,"13":0,"14":0,"15":0,"16":0,"17":0,"18":0,"19":0,"20":0,"21":0,"22":0,"23":0,"24":0,"25":0,"26":0,"27":0,"28":0,"29":0,"30":0,"31":0,"32":0,"33":0,"34":0,"35":0,"36":0,"37":0,"38":0},"f":{"0":0,"1":0,"2":0,"3":0,"4":0,"5":0,"6":0,"7":0,"8":0},"b":{"0":[0,0],"1":[0,0],"2":[0,0,0],"3":[0,0],"4":[0,0],"5":[0,0],"6":[0,0],"7":[0,0],"8":[0,0],"9":[0,0],"10":[0,0],"11":[0,0],"12":[0,0],"13":[0,0],"14":[0,0],"15":[0,0],"16":[0,0],"17":[0,0],"18":[0,0]}}
,"/home/ethan/court/expo_app/components/registerForm/elements/AcceptTerms.tsx": {"path":"/home/ethan/court/expo_app/components/registerForm/elements/AcceptTerms.tsx","statementMap":{"0":{"start":{"line":27,"column":48},"end":{"line":72,"column":1}},"1":{"start":{"line":32,"column":17},"end":{"line":37,"column":3}},"2":{"start":{"line":39,"column":21},"end":{"line":39,"column":57}},"3":{"start":{"line":40,"column":38},"end":{"line":40,"column":59}},"4":{"start":{"line":42,"column":22},"end":{"line":47,"column":3}},"5":{"start":{"line":43,"column":4},"end":{"line":43,"column":46}},"6":{"start":{"line":44,"column":4},"end":{"line":46,"column":5}},"7":{"start":{"line":45,"column":6},"end":{"line":45,"column":16}},"8":{"start":{"line":49,"column":23},"end":{"line":51,"column":3}},"9":{"start":{"line":50,"column":4},"end":{"line":50,"column":31}},"10":{"start":{"line":53,"column":2},"end":{"line":71,"column":4}}},"fnMap":{"0":{"name":"(anonymous_0)","decl":{"start":{"line":27,"column":48},"end":{"line":27,"column":49}},"loc":{"start":{"line":31,"column":6},"end":{"line":72,"column":1}},"line":31},"1":{"name":"(anonymous_1)","decl":{"start":{"line":42,"column":22},"end":{"line":42,"column":23}},"loc":{"start":{"line":42,"column":28},"end":{"line":47,"column":3}},"line":42},"2":{"name":"(anonymous_2)","decl":{"start":{"line":49,"column":23},"end":{"line":49,"column":24}},"loc":{"start":{"line":49,"column":29},"end":{"line":51,"column":3}},"line":49}},"branchMap":{"0":{"loc":{"start":{"line":28,"column":2},"end":{"line":28,"column":21}},"type":"default-arg","locations":[{"start":{"line":28,"column":16},"end":{"line":28,"column":21}}],"line":28},"1":{"loc":{"start":{"line":33,"column":26},"end":{"line":33,"column":64}},"type":"binary-expr","locations":[{"start":{"line":33,"column":26},"end":{"line":33,"column":58}},{"start":{"line":33,"column":62},"end":{"line":33,"column":64}}],"line":33},"2":{"loc":{"start":{"line":34,"column":21},"end":{"line":34,"column":54}},"type":"binary-expr","locations":[{"start":{"line":34,"column":21},"end":{"line":34,"column":48}},{"start":{"line":34,"column":52},"end":{"line":34,"column":54}}],"line":34},"3":{"loc":{"start":{"line":35,"column":19},"end":{"line":35,"column":50}},"type":"binary-expr","locations":[{"start":{"line":35,"column":19},"end":{"line":35,"column":44}},{"start":{"line":35,"column":48},"end":{"line":35,"column":50}}],"line":35},"4":{"loc":{"start":{"line":36,"column":20},"end":{"line":36,"column":52}},"type":"binary-expr","locations":[{"start":{"line":36,"column":20},"end":{"line":36,"column":46}},{"start":{"line":36,"column":50},"end":{"line":36,"column":52}}],"line":36},"5":{"loc":{"start":{"line":44,"column":4},"end":{"line":46,"column":5}},"type":"if","locations":[{"start":{"line":44,"column":4},"end":{"line":46,"column":5}},{"start":{},"end":{}}],"line":44}},"s":{"0":0,"1":0,"2":0,"3":0,"4":0,"5":0,"6":0,"7":0,"8":0,"9":0,"10":0},"f":{"0":0,"1":0,"2":0},"b":{"0":[0],"1":[0,0],"2":[0,0],"3":[0,0],"4":[0,0],"5":[0,0]}}
,"/home/ethan/court/expo_app/components/registerForm/elements/validationSchema.tsx": {"path":"/home/ethan/court/expo_app/components/registerForm/elements/validationSchema.tsx","statementMap":{"0":{"start":{"line":4,"column":2},"end":{"line":4,"column":108}},"1":{"start":{"line":6,"column":22},"end":{"line":6,"column":24}},"2":{"start":{"line":7,"column":14},"end":{"line":7,"column":24}},"3":{"start":{"line":8,"column":23},"end":{"line":12,"column":1}},"4":{"start":{"line":14,"column":25},"end":{"line":58,"column":2}},"5":{"start":{"line":50,"column":24},"end":{"line":50,"column":39}},"6":{"start":{"line":51,"column":6},"end":{"line":51,"column":41}}},"fnMap":{"0":{"name":"(anonymous_0)","decl":{"start":{"line":49,"column":62},"end":{"line":49,"column":63}},"loc":{"start":{"line":49,"column":79},"end":{"line":52,"column":5}},"line":49}},"branchMap":{},"s":{"0":0,"1":0,"2":0,"3":0,"4":0,"5":0,"6":0},"f":{"0":0},"b":{}}
,"/home/ethan/court/expo_app/components/wrapper/TextAddOn.tsx": {"path":"/home/ethan/court/expo_app/components/wrapper/TextAddOn.tsx","statementMap":{"0":{"start":{"line":15,"column":44},"end":{"line":37,"column":1}},"1":{"start":{"line":21,"column":17},"end":{"line":25,"column":3}},"2":{"start":{"line":27,"column":2},"end":{"line":36,"column":4}}},"fnMap":{"0":{"name":"(anonymous_0)","decl":{"start":{"line":15,"column":44},"end":{"line":15,"column":45}},"loc":{"start":{"line":20,"column":6},"end":{"line":37,"column":1}},"line":20}},"branchMap":{"0":{"loc":{"start":{"line":22,"column":28},"end":{"line":22,"column":68}},"type":"binary-expr","locations":[{"start":{"line":22,"column":28},"end":{"line":22,"column":62}},{"start":{"line":22,"column":66},"end":{"line":22,"column":68}}],"line":22},"1":{"loc":{"start":{"line":23,"column":23},"end":{"line":23,"column":58}},"type":"binary-expr","locations":[{"start":{"line":23,"column":23},"end":{"line":23,"column":52}},{"start":{"line":23,"column":56},"end":{"line":23,"column":58}}],"line":23},"2":{"loc":{"start":{"line":24,"column":19},"end":{"line":24,"column":50}},"type":"binary-expr","locations":[{"start":{"line":24,"column":19},"end":{"line":24,"column":44}},{"start":{"line":24,"column":48},"end":{"line":24,"column":50}}],"line":24},"3":{"loc":{"start":{"line":30,"column":7},"end":{"line":34,"column":7}},"type":"binary-expr","locations":[{"start":{"line":30,"column":7},"end":{"line":30,"column":14}},{"start":{"line":31,"column":8},"end":{"line":33,"column":15}}],"line":30}},"s":{"0":0,"1":0,"2":0},"f":{"0":0},"b":{"0":[0,0],"1":[0,0],"2":[0,0],"3":[0,0]}}
,"/home/ethan/court/expo_app/utils/colors.tsx": {"path":"/home/ethan/court/expo_app/utils/colors.tsx","statementMap":{"0":{"start":{"line":1,"column":15},"end":{"line":10,"column":1}}},"fnMap":{},"branchMap":{},"s":{"0":2},"f":{},"b":{},"_coverageSchema":"1a1c01bbd47fc00a2c39e90264f33305004495a9","hash":"f20e875f067b4ed8afd139edc0387823145f2902"}
,"/home/ethan/court/expo_app/utils/theme.tsx": {"path":"/home/ethan/court/expo_app/utils/theme.tsx","statementMap":{"0":{"start":{"line":12,"column":14},"end":{"line":29,"column":1}}},"fnMap":{},"branchMap":{},"s":{"0":2},"f":{},"b":{},"_coverageSchema":"1a1c01bbd47fc00a2c39e90264f33305004495a9","hash":"20eab3501ba974f39ba678354844e49324d284f7"}
}
