TN:
SF:App.tsx
FN:17,App
FN:64,(anonymous_1)
FN:71,(anonymous_2)
FNF:3
FNH:0
FNDA:0,App
FNDA:0,(anonymous_1)
FNDA:0,(anonymous_2)
DA:15,0
DA:18,0
DA:20,0
DA:42,0
DA:47,0
DA:52,0
DA:65,0
DA:71,0
LF:8
LH:0
BRF:0
BRH:0
end_of_record
TN:
SF:components/basic/AddressInputComp.tsx
FN:14,(anonymous_0)
FN:29,(anonymous_1)
FNF:2
FNH:0
FNDA:0,(anonymous_0)
FNDA:0,(anonymous_1)
DA:14,0
DA:18,0
DA:25,0
DA:30,0
LF:4
LH:0
BRDA:20,0,0,0
BRDA:20,0,1,0
BRDA:22,1,0,0
BRDA:22,1,1,0
BRDA:29,2,0,0
BRF:5
BRH:0
end_of_record
TN:
SF:components/basic/ButtonComp.tsx
FN:19,(anonymous_0)
FNF:1
FNH:1
FNDA:4,(anonymous_0)
DA:19,1
DA:24,4
DA:29,4
LF:3
LH:3
BRDA:25,0,0,4
BRDA:25,0,1,4
BRDA:26,1,0,4
BRDA:26,1,1,4
BRF:4
BRH:4
end_of_record
TN:
SF:components/basic/DatePickerComp.tsx
FN:29,(anonymous_0)
FN:56,(anonymous_1)
FN:60,(anonymous_2)
FN:64,(anonymous_3)
FN:70,(anonymous_4)
FN:79,(anonymous_5)
FNF:6
FNH:3
FNDA:7,(anonymous_0)
FNDA:0,(anonymous_1)
FNDA:0,(anonymous_2)
FNDA:13,(anonymous_3)
FNDA:0,(anonymous_4)
FNDA:15,(anonymous_5)
DA:29,1
DA:38,7
DA:52,7
DA:54,7
DA:56,7
DA:57,0
DA:60,7
DA:61,0
DA:64,7
DA:65,13
DA:66,1
DA:70,7
DA:71,0
DA:72,0
DA:73,0
DA:74,0
DA:75,0
DA:76,0
DA:79,7
DA:81,15
DA:84,15
DA:85,8
DA:87,15
DA:88,7
DA:92,15
DA:93,1
DA:97,15
DA:98,1
DA:99,1
DA:102,14
DA:103,12
DA:104,12
DA:105,12
DA:109,7
DA:110,5
DA:123,2
DA:125,2
LF:37
LH:29
BRDA:39,0,0,7
BRDA:39,0,1,7
BRDA:40,1,0,7
BRDA:40,1,1,7
BRDA:41,2,0,7
BRDA:41,2,1,7
BRDA:42,3,0,7
BRDA:42,3,1,7
BRDA:43,4,0,7
BRDA:43,4,1,7
BRDA:45,5,0,7
BRDA:45,5,1,7
BRDA:46,6,0,7
BRDA:46,6,1,7
BRDA:47,7,0,7
BRDA:47,7,1,7
BRDA:48,8,0,7
BRDA:48,8,1,7
BRDA:49,9,0,7
BRDA:49,9,1,7
BRDA:65,10,0,1
BRDA:65,10,1,12
BRDA:84,11,0,8
BRDA:84,11,1,7
BRDA:87,12,0,7
BRDA:87,12,1,8
BRDA:92,13,0,1
BRDA:92,13,1,14
BRDA:97,14,0,1
BRDA:97,14,1,14
BRDA:102,15,0,12
BRDA:102,15,1,2
BRDA:102,16,0,14
BRDA:102,16,1,12
BRDA:109,17,0,5
BRDA:109,17,1,2
BRDA:123,18,0,0
BRDA:123,18,1,2
BRF:38
BRH:37
end_of_record
TN:
SF:components/basic/TextInputComp.tsx
FN:24,(anonymous_0)
FN:74,(anonymous_1)
FNF:2
FNH:2
FNDA:18,(anonymous_0)
FNDA:1,(anonymous_1)
DA:15,2
DA:24,2
DA:47,18
DA:55,18
DA:57,18
DA:74,1
LF:6
LH:6
BRDA:48,0,0,18
BRDA:48,0,1,13
BRDA:49,1,0,18
BRDA:49,1,1,13
BRDA:50,2,0,18
BRDA:50,2,1,13
BRDA:51,3,0,18
BRDA:51,3,1,13
BRDA:52,4,0,18
BRDA:52,4,1,13
BRDA:69,5,0,18
BRDA:69,5,1,4
BRDA:72,6,0,18
BRDA:72,6,1,4
BRDA:79,7,0,1
BRDA:79,7,1,3
BRF:16
BRH:16
end_of_record
TN:
SF:components/basic/ToggleButtonGroupComp.tsx
FN:26,(anonymous_0)
FN:49,(anonymous_1)
FN:56,(anonymous_2)
FN:62,(anonymous_3)
FN:71,(anonymous_4)
FNF:5
FNH:5
FNDA:10,(anonymous_0)
FNDA:2,(anonymous_1)
FNDA:60,(anonymous_2)
FNDA:30,(anonymous_3)
FNDA:2,(anonymous_4)
DA:26,1
DA:32,10
DA:47,10
DA:49,10
DA:50,2
DA:51,2
DA:52,1
DA:56,60
DA:58,10
DA:63,30
DA:71,2
LF:11
LH:11
BRDA:34,0,0,10
BRDA:34,0,1,10
BRDA:35,1,0,10
BRDA:35,1,1,10
BRDA:37,2,0,10
BRDA:37,2,1,10
BRDA:38,3,0,10
BRDA:38,3,1,10
BRDA:40,4,0,10
BRDA:40,4,1,10
BRDA:42,5,0,10
BRDA:42,5,1,10
BRDA:44,6,0,10
BRDA:44,6,1,8
BRDA:51,7,0,1
BRDA:51,7,1,1
BRDA:68,8,0,30
BRDA:68,8,1,2
BRDA:76,9,0,30
BRDA:76,9,1,2
BRF:20
BRH:20
end_of_record
TN:
SF:components/basic/ViewPrivacyPolicy.tsx
FN:22,(anonymous_0)
FN:32,(anonymous_1)
FNF:2
FNH:2
FNDA:3,(anonymous_0)
FNDA:1,(anonymous_1)
DA:22,1
DA:25,3
DA:30,3
DA:32,3
DA:33,1
DA:36,3
LF:6
LH:6
BRDA:26,0,0,3
BRDA:26,0,1,3
BRDA:27,1,0,3
BRDA:27,1,1,3
BRF:4
BRH:4
end_of_record
TN:
SF:components/conditions/PrivacyPolicy.tsx
FN:57,(anonymous_0)
FNF:1
FNH:0
FNDA:0,(anonymous_0)
DA:10,0
DA:57,0
DA:58,0
DA:63,0
LF:4
LH:0
BRDA:59,0,0,0
BRDA:59,0,1,0
BRDA:60,1,0,0
BRDA:60,1,1,0
BRF:4
BRH:0
end_of_record
TN:
SF:components/conditions/TermsAndConditions.tsx
FN:46,(anonymous_0)
FNF:1
FNH:0
FNDA:0,(anonymous_0)
DA:10,0
DA:46,0
DA:49,0
DA:54,0
LF:4
LH:0
BRDA:50,0,0,0
BRDA:50,0,1,0
BRDA:51,1,0,0
BRDA:51,1,1,0
BRF:4
BRH:0
end_of_record
TN:
SF:components/registerForm/RegisterForm.tsx
FN:29,(anonymous_0)
FN:505,(anonymous_1)
FN:510,(anonymous_2)
FN:510,(anonymous_3)
FN:516,(anonymous_4)
FN:594,(anonymous_5)
FN:662,(anonymous_6)
FN:691,(anonymous_7)
FN:723,(anonymous_8)
FNF:9
FNH:0
FNDA:0,(anonymous_0)
FNDA:0,(anonymous_1)
FNDA:0,(anonymous_2)
FNDA:0,(anonymous_3)
FNDA:0,(anonymous_4)
FNDA:0,(anonymous_5)
FNDA:0,(anonymous_6)
FNDA:0,(anonymous_7)
FNDA:0,(anonymous_8)
DA:29,0
DA:30,0
DA:33,0
DA:34,0
DA:36,0
DA:37,0
DA:39,0
DA:40,0
DA:42,0
DA:43,0
DA:51,0
DA:411,0
DA:416,0
DA:421,0
DA:427,0
DA:433,0
DA:440,0
DA:449,0
DA:460,0
DA:470,0
DA:475,0
DA:480,0
DA:484,0
DA:489,0
DA:491,0
DA:506,0
DA:510,0
DA:511,0
DA:512,0
DA:516,0
DA:517,0
DA:518,0
DA:523,0
DA:527,0
DA:594,0
DA:663,0
DA:692,0
DA:724,0
LF:38
LH:0
BRDA:511,0,0,0
BRDA:511,0,1,0
BRDA:518,1,0,0
BRDA:518,1,1,0
BRDA:519,2,0,0
BRDA:519,2,1,0
BRDA:519,2,2,0
BRDA:548,3,0,0
BRDA:548,3,1,0
BRDA:553,4,0,0
BRDA:553,4,1,0
BRDA:564,5,0,0
BRDA:564,5,1,0
BRDA:569,6,0,0
BRDA:569,6,1,0
BRDA:580,7,0,0
BRDA:580,7,1,0
BRDA:585,8,0,0
BRDA:585,8,1,0
BRDA:599,9,0,0
BRDA:599,9,1,0
BRDA:613,10,0,0
BRDA:613,10,1,0
BRDA:625,11,0,0
BRDA:625,11,1,0
BRDA:629,12,0,0
BRDA:629,12,1,0
BRDA:638,13,0,0
BRDA:638,13,1,0
BRDA:647,14,0,0
BRDA:647,14,1,0
BRDA:667,15,0,0
BRDA:667,15,1,0
BRDA:680,16,0,0
BRDA:680,16,1,0
BRDA:715,17,0,0
BRDA:715,17,1,0
BRDA:734,18,0,0
BRDA:734,18,1,0
BRF:39
BRH:0
end_of_record
TN:
SF:components/registerForm/elements/AcceptTerms.tsx
FN:27,(anonymous_0)
FN:42,(anonymous_1)
FN:49,(anonymous_2)
FNF:3
FNH:0
FNDA:0,(anonymous_0)
FNDA:0,(anonymous_1)
FNDA:0,(anonymous_2)
DA:27,0
DA:32,0
DA:39,0
DA:40,0
DA:42,0
DA:43,0
DA:44,0
DA:45,0
DA:49,0
DA:50,0
DA:53,0
LF:11
LH:0
BRDA:28,0,0,0
BRDA:33,1,0,0
BRDA:33,1,1,0
BRDA:34,2,0,0
BRDA:34,2,1,0
BRDA:35,3,0,0
BRDA:35,3,1,0
BRDA:36,4,0,0
BRDA:36,4,1,0
BRDA:44,5,0,0
BRDA:44,5,1,0
BRF:11
BRH:0
end_of_record
TN:
SF:components/registerForm/elements/validationSchema.tsx
FN:49,(anonymous_0)
FNF:1
FNH:0
FNDA:0,(anonymous_0)
DA:4,0
DA:6,0
DA:7,0
DA:8,0
DA:14,0
DA:50,0
DA:51,0
LF:7
LH:0
BRF:0
BRH:0
end_of_record
TN:
SF:components/wrapper/TextAddOn.tsx
FN:15,(anonymous_0)
FNF:1
FNH:0
FNDA:0,(anonymous_0)
DA:15,0
DA:21,0
DA:27,0
LF:3
LH:0
BRDA:22,0,0,0
BRDA:22,0,1,0
BRDA:23,1,0,0
BRDA:23,1,1,0
BRDA:24,2,0,0
BRDA:24,2,1,0
BRDA:30,3,0,0
BRDA:30,3,1,0
BRF:8
BRH:0
end_of_record
TN:
SF:utils/colors.tsx
FNF:0
FNH:0
DA:1,2
LF:1
LH:1
BRF:0
BRH:0
end_of_record
TN:
SF:utils/theme.tsx
FNF:0
FNH:0
DA:12,2
LF:1
LH:1
BRF:0
BRH:0
end_of_record
